2025-05-12 13:34:12,697:WARNING:
'cuml' is a soft dependency and not included in the pycaret installation. Please run: `pip install cuml` to install.
2025-05-12 13:34:12,697:WARNING:
'cuml' is a soft dependency and not included in the pycaret installation. Please run: `pip install cuml` to install.
2025-05-12 13:34:12,697:WARNING:
'cuml' is a soft dependency and not included in the pycaret installation. Please run: `pip install cuml` to install.
2025-05-12 13:34:12,697:WARNING:
'cuml' is a soft dependency and not included in the pycaret installation. Please run: `pip install cuml` to install.
2025-05-12 13:34:33,608:WARNING:
'cuml' is a soft dependency and not included in the pycaret installation. Please run: `pip install cuml` to install.
2025-05-12 13:34:33,608:WARNING:
'cuml' is a soft dependency and not included in the pycaret installation. Please run: `pip install cuml` to install.
2025-05-12 13:34:33,608:WARNING:
'cuml' is a soft dependency and not included in the pycaret installation. Please run: `pip install cuml` to install.
2025-05-12 13:34:33,608:WARNING:
'cuml' is a soft dependency and not included in the pycaret installation. Please run: `pip install cuml` to install.
2025-05-12 13:34:36,437:INFO:PyCaret AnomalyExperiment
2025-05-12 13:34:36,437:INFO:Logging name: anomaly-default-name
2025-05-12 13:34:36,437:INFO:ML Usecase: MLUsecase.ANOMALY
2025-05-12 13:34:36,437:INFO:version 3.3.2
2025-05-12 13:34:36,437:INFO:Initializing setup()
2025-05-12 13:34:36,437:INFO:self.USI: 0353
2025-05-12 13:34:36,437:INFO:self._variable_keys: {'n_jobs_param', 'gpu_n_jobs_param', 'log_plots_param', 'memory', 'data', 'pipeline', 'idx', 'logging_param', 'USI', 'exp_name_log', 'X', '_ml_usecase', 'exp_id', 'seed', '_available_plots', 'gpu_param', 'html_param'}
2025-05-12 13:34:36,437:INFO:Checking environment
2025-05-12 13:34:36,437:INFO:python_version: 3.10.0
2025-05-12 13:34:36,437:INFO:python_build: ('tags/v3.10.0:b494f59', 'Oct  4 2021 19:00:18')
2025-05-12 13:34:36,437:INFO:machine: AMD64
2025-05-12 13:34:36,509:INFO:platform: Windows-10-10.0.19045-SP0
2025-05-12 13:34:36,513:INFO:Memory: svmem(total=16779472896, available=6102761472, percent=63.6, used=10676711424, free=6102761472)
2025-05-12 13:34:36,513:INFO:Physical Core: 2
2025-05-12 13:34:36,513:INFO:Logical Core: 4
2025-05-12 13:34:36,513:INFO:Checking libraries
2025-05-12 13:34:36,513:INFO:System:
2025-05-12 13:34:36,513:INFO:    python: 3.10.0 (tags/v3.10.0:b494f59, Oct  4 2021, 19:00:18) [MSC v.1929 64 bit (AMD64)]
2025-05-12 13:34:36,513:INFO:executable: E:\aicore-proj\training\venv\Scripts\python.exe
2025-05-12 13:34:36,514:INFO:   machine: Windows-10-10.0.19045-SP0
2025-05-12 13:34:36,514:INFO:PyCaret required dependencies:
2025-05-12 13:34:36,556:INFO:                 pip: 21.2.3
2025-05-12 13:34:36,556:INFO:          setuptools: 57.4.0
2025-05-12 13:34:36,556:INFO:             pycaret: 3.3.2
2025-05-12 13:34:36,556:INFO:             IPython: 8.36.0
2025-05-12 13:34:36,556:INFO:          ipywidgets: 8.1.7
2025-05-12 13:34:36,556:INFO:                tqdm: 4.67.1
2025-05-12 13:34:36,556:INFO:               numpy: 1.26.4
2025-05-12 13:34:36,556:INFO:              pandas: 2.1.4
2025-05-12 13:34:36,556:INFO:              jinja2: 3.1.6
2025-05-12 13:34:36,556:INFO:               scipy: 1.11.4
2025-05-12 13:34:36,556:INFO:              joblib: 1.3.2
2025-05-12 13:34:36,556:INFO:             sklearn: 1.4.2
2025-05-12 13:34:36,556:INFO:                pyod: 2.0.5
2025-05-12 13:34:36,556:INFO:            imblearn: 0.13.0
2025-05-12 13:34:36,556:INFO:   category_encoders: 2.7.0
2025-05-12 13:34:36,556:INFO:            lightgbm: 4.6.0
2025-05-12 13:34:36,556:INFO:               numba: 0.61.2
2025-05-12 13:34:36,556:INFO:            requests: 2.32.3
2025-05-12 13:34:36,556:INFO:          matplotlib: 3.7.5
2025-05-12 13:34:36,556:INFO:          scikitplot: 0.3.7
2025-05-12 13:34:36,556:INFO:         yellowbrick: 1.5
2025-05-12 13:34:36,556:INFO:              plotly: 5.24.1
2025-05-12 13:34:36,556:INFO:    plotly-resampler: Not installed
2025-05-12 13:34:36,556:INFO:             kaleido: 0.2.1
2025-05-12 13:34:36,556:INFO:           schemdraw: 0.15
2025-05-12 13:34:36,556:INFO:         statsmodels: 0.14.4
2025-05-12 13:34:36,556:INFO:              sktime: 0.26.0
2025-05-12 13:34:36,556:INFO:               tbats: 1.1.3
2025-05-12 13:34:36,556:INFO:            pmdarima: 2.0.4
2025-05-12 13:34:36,556:INFO:              psutil: 7.0.0
2025-05-12 13:34:36,556:INFO:          markupsafe: 3.0.2
2025-05-12 13:34:36,556:INFO:             pickle5: Not installed
2025-05-12 13:34:36,556:INFO:         cloudpickle: 3.1.1
2025-05-12 13:34:36,556:INFO:         deprecation: 2.1.0
2025-05-12 13:34:36,556:INFO:              xxhash: 3.5.0
2025-05-12 13:34:36,556:INFO:           wurlitzer: Not installed
2025-05-12 13:34:36,556:INFO:PyCaret optional dependencies:
2025-05-12 13:34:36,588:INFO:                shap: Not installed
2025-05-12 13:34:36,588:INFO:           interpret: Not installed
2025-05-12 13:34:36,588:INFO:                umap: Not installed
2025-05-12 13:34:36,588:INFO:     ydata_profiling: Not installed
2025-05-12 13:34:36,588:INFO:  explainerdashboard: Not installed
2025-05-12 13:34:36,588:INFO:             autoviz: Not installed
2025-05-12 13:34:36,588:INFO:           fairlearn: Not installed
2025-05-12 13:34:36,588:INFO:          deepchecks: Not installed
2025-05-12 13:34:36,588:INFO:             xgboost: Not installed
2025-05-12 13:34:36,588:INFO:            catboost: Not installed
2025-05-12 13:34:36,588:INFO:              kmodes: Not installed
2025-05-12 13:34:36,588:INFO:             mlxtend: Not installed
2025-05-12 13:34:36,588:INFO:       statsforecast: Not installed
2025-05-12 13:34:36,588:INFO:        tune_sklearn: Not installed
2025-05-12 13:34:36,588:INFO:                 ray: Not installed
2025-05-12 13:34:36,588:INFO:            hyperopt: Not installed
2025-05-12 13:34:36,588:INFO:              optuna: Not installed
2025-05-12 13:34:36,588:INFO:               skopt: Not installed
2025-05-12 13:34:36,588:INFO:              mlflow: Not installed
2025-05-12 13:34:36,588:INFO:              gradio: Not installed
2025-05-12 13:34:36,588:INFO:             fastapi: Not installed
2025-05-12 13:34:36,588:INFO:             uvicorn: Not installed
2025-05-12 13:34:36,588:INFO:              m2cgen: Not installed
2025-05-12 13:34:36,588:INFO:           evidently: Not installed
2025-05-12 13:34:36,588:INFO:               fugue: Not installed
2025-05-12 13:34:36,588:INFO:           streamlit: Not installed
2025-05-12 13:34:36,588:INFO:             prophet: Not installed
2025-05-12 13:34:36,588:INFO:None
2025-05-12 13:34:36,588:INFO:Set up data.
2025-05-12 13:34:36,604:INFO:Set up index.
2025-05-12 13:34:36,604:INFO:Assigning column types.
2025-05-12 13:34:36,604:INFO:Engine successfully changes for model 'kmeans' to 'sklearn'.
2025-05-12 13:34:36,973:INFO:Engine successfully changes for model 'dbscan' to 'sklearn'.
2025-05-12 13:34:36,973:INFO:Preparing preprocessing pipeline...
2025-05-12 13:34:36,973:INFO:Set up simple imputation.
2025-05-12 13:34:36,973:INFO:Set up encoding of categorical features.
2025-05-12 13:34:45,967:WARNING:E:\aicore-proj\training\venv\lib\site-packages\pycaret\internal\pipeline.py:278: UserWarning: Persisting input arguments took 1.60s to run.If this happens often in your code, it can cause performance problems (results will be correct in all cases). The reason for this is probably some large input arguments for a wrapped function.
  fitted_estimator = self._memory_fit(

2025-05-12 13:34:45,967:INFO:Finished creating preprocessing pipeline.
2025-05-12 13:34:45,967:INFO:Pipeline: Pipeline(memory=FastMemory(location=C:\Users\TANMAY~1.MAH\AppData\Local\Temp\joblib),
         steps=[('numerical_imputer',
                 TransformerWrapper(include=['Temperature', 'Speed',
                                             'Vibration', 'Current'],
                                    transformer=SimpleImputer())),
                ('categorical_imputer',
                 TransformerWrapper(include=['Record_Time'],
                                    transformer=SimpleImputer(strategy='most_frequent'))),
                ('onehot_encoding',
                 TransformerWrapper(include=['Record_Time'],
                                    transformer=OneHotEncoder(cols=['Record_Time'],
                                                              handle_missing='return_nan',
                                                              use_cat_names=True)))])
2025-05-12 13:34:45,967:INFO:Creating final display dataframe.
2025-05-12 13:34:51,211:WARNING:E:\aicore-proj\training\venv\lib\site-packages\pycaret\internal\pipeline.py:111: UserWarning: Persisting input arguments took 1.27s to run.If this happens often in your code, it can cause performance problems (results will be correct in all cases). The reason for this is probably some large input arguments for a wrapped function.
  X, y = pipeline._memory_transform(transformer, X, y)

2025-05-12 13:34:52,905:WARNING:E:\aicore-proj\training\venv\lib\site-packages\pycaret\internal\pipeline.py:289: UserWarning: Persisting input arguments took 1.54s to run.If this happens often in your code, it can cause performance problems (results will be correct in all cases). The reason for this is probably some large input arguments for a wrapped function.
  X, y = self._memory_full_transform(

2025-05-12 13:34:52,937:INFO:Setup _display_container:                  Description                 Value
0                 Session id                  6762
1        Original data shape             (4995, 5)
2     Transformed data shape          (4995, 4999)
3           Numeric features                     4
4       Categorical features                     1
5                 Preprocess                  True
6            Imputation type                simple
7         Numeric imputation                  mean
8     Categorical imputation                  mode
9   Maximum one-hot encoding                    -1
10           Encoding method                  None
11                  CPU Jobs                    -1
12                   Use GPU                 False
13            Log Experiment                 False
14           Experiment Name  anomaly-default-name
15                       USI                  0353
2025-05-12 13:34:52,937:INFO:setup() successfully completed in 16.53s...............
2025-05-12 13:34:52,937:INFO:Initializing create_model()
2025-05-12 13:34:52,937:INFO:create_model(self=<pycaret.anomaly.oop.AnomalyExperiment object at 0x00000213AAF8FEB0>, estimator=abod, num_clusters=4, fraction=0.05, ground_truth=None, round=4, fit_kwargs=None, experiment_custom_tags=None, verbose=True, system=True, add_to_model_list=True, raise_num_clusters=False, display=None, kwargs={})
2025-05-12 13:34:52,937:INFO:Checking exceptions
2025-05-12 13:34:54,543:INFO:Importing untrained model
2025-05-12 13:34:54,543:INFO:Angle-base Outlier Detection Imported successfully
2025-05-12 13:34:55,007:INFO:Fitting Model
2025-05-12 13:36:03,007:INFO:ABOD(contamination=0.05, method='fast', n_neighbors=5)
2025-05-12 13:36:03,007:INFO:create_models() successfully completed......................................
2025-05-12 13:36:03,007:INFO:Uploading results into container
2025-05-12 13:36:03,007:INFO:Uploading model into container now
2025-05-12 13:36:03,007:INFO:_master_model_container: 1
2025-05-12 13:36:03,007:INFO:_display_container: 1
2025-05-12 13:36:03,007:INFO:ABOD(contamination=0.05, method='fast', n_neighbors=5)
2025-05-12 13:36:03,007:INFO:create_model() successfully completed......................................
2025-05-12 13:36:03,292:INFO:Initializing assign_model()
2025-05-12 13:36:03,292:INFO:assign_model(self=<pycaret.anomaly.oop.AnomalyExperiment object at 0x00000213AAF8FEB0>, model=ABOD(contamination=0.05, method='fast', n_neighbors=5), transformation=False, score=True, verbose=True)
2025-05-12 13:36:03,292:INFO:Checking exceptions
2025-05-12 13:36:03,292:INFO:Determining Trained Model
2025-05-12 13:36:03,292:INFO:Trained Model : Angle-base Outlier Detection
2025-05-12 13:36:03,293:INFO:Copying data
2025-05-12 13:36:03,297:INFO:(4995, 7)
2025-05-12 13:36:03,297:INFO:assign_model() successfully completed......................................
